<?xml version="1.0" encoding="UTF-8"?>
<!-- Generated by org.testng.reporters.JUnitXMLReporter -->
<testsuite hostname="LAPTOP-1ANA0DO3" ignored="0" name="Default test" tests="3" failures="0" timestamp="2019-09-07T11:07:18 CEST" time="16.816" errors="0">
  <testcase name="googleTest" time="2.306" classname="test.TestService"/>
  <testcase name="googleTest" time="2.681" classname="test.TestService"/>
  <testcase name="googleTest" time="1.841" classname="test.TestService"/>
</testsuite> <!-- Default test -->
