<?xml version="1.0" encoding="UTF-8"?>
<testng-results skipped="0" failed="0" ignored="0" total="3" passed="3">
  <reporter-output>
  </reporter-output>
  <suite name="Default suite" duration-ms="16816" started-at="2019-09-07T11:07:01 CEST" finished-at="2019-09-07T11:07:18 CEST">
    <groups>
      <group name="google">
        <method signature="TestService.googleTest(java.lang.String)[pri:1, instance:test.TestService@335eadca]" name="googleTest" class="test.TestService"/>
      </group> <!-- google -->
    </groups>
    <test name="Default test" duration-ms="16816" started-at="2019-09-07T11:07:01 CEST" finished-at="2019-09-07T11:07:18 CEST">
      <class name="test.TestService">
        <test-method status="PASS" signature="driverSetUp()[pri:0, instance:test.TestService@335eadca]" name="driverSetUp" is-config="true" duration-ms="5641" started-at="2019-09-07T11:07:01 CEST" finished-at="2019-09-07T11:07:07 CEST">
          <reporter-output>
          </reporter-output>
        </test-method> <!-- driverSetUp -->
        <test-method status="PASS" signature="googleTest(java.lang.String)[pri:1, instance:test.TestService@335eadca]" name="googleTest" duration-ms="2306" started-at="2019-09-07T11:07:07 CEST" data-provider="dp" finished-at="2019-09-07T11:07:09 CEST">
          <params>
            <param index="0">
              <value>
                <![CDATA[Software]]>
              </value>
            </param>
          </params>
          <reporter-output>
          </reporter-output>
        </test-method> <!-- googleTest -->
        <test-method status="PASS" signature="googleTest(java.lang.String)[pri:1, instance:test.TestService@335eadca]" name="googleTest" duration-ms="2681" started-at="2019-09-07T11:07:09 CEST" data-provider="dp" finished-at="2019-09-07T11:07:12 CEST">
          <params>
            <param index="0">
              <value>
                <![CDATA[It]]>
              </value>
            </param>
          </params>
          <reporter-output>
          </reporter-output>
        </test-method> <!-- googleTest -->
        <test-method status="PASS" signature="googleTest(java.lang.String)[pri:1, instance:test.TestService@335eadca]" name="googleTest" duration-ms="1841" started-at="2019-09-07T11:07:12 CEST" data-provider="dp" finished-at="2019-09-07T11:07:14 CEST">
          <params>
            <param index="0">
              <value>
                <![CDATA[Technologies]]>
              </value>
            </param>
          </params>
          <reporter-output>
          </reporter-output>
        </test-method> <!-- googleTest -->
        <test-method status="PASS" signature="disconnect()[pri:0, instance:test.TestService@335eadca]" name="disconnect" is-config="true" duration-ms="4320" started-at="2019-09-07T11:07:14 CEST" finished-at="2019-09-07T11:07:18 CEST">
          <reporter-output>
          </reporter-output>
        </test-method> <!-- disconnect -->
      </class> <!-- test.TestService -->
    </test> <!-- Default test -->
  </suite> <!-- Default suite -->
</testng-results>
